{"D:\\Third-year\\Semester2\\FYP\\ReactCaloriesTracker\\App.js": {"path":"D:\\Third-year\\Semester2\\FYP\\ReactCaloriesTracker\\App.js","statementMap":{"0":{"start":{"line":20,"column":16},"end":{"line":26,"column":1}},"1":{"start":{"line":28,"column":19},"end":{"line":28,"column":23}},"2":{"start":{"line":29,"column":18},"end":{"line":29,"column":40}},"3":{"start":{"line":30,"column":24},"end":{"line":97,"column":1}},"4":{"start":{"line":31,"column":2},"end":{"line":96,"column":24}},"5":{"start":{"line":99,"column":13},"end":{"line":99,"column":39}},"6":{"start":{"line":101,"column":19},"end":{"line":109,"column":1}},"7":{"start":{"line":102,"column":2},"end":{"line":108,"column":17}},"8":{"start":{"line":111,"column":24},"end":{"line":131,"column":1}},"9":{"start":{"line":112,"column":2},"end":{"line":130,"column":24}},"10":{"start":{"line":133,"column":18},"end":{"line":133,"column":40}},"11":{"start":{"line":136,"column":38},"end":{"line":136,"column":58}},"12":{"start":{"line":137,"column":38},"end":{"line":137,"column":58}},"13":{"start":{"line":139,"column":24},"end":{"line":154,"column":10}},"14":{"start":{"line":140,"column":6},"end":{"line":153,"column":8}},"15":{"start":{"line":142,"column":10},"end":{"line":142,"column":30}},"16":{"start":{"line":143,"column":10},"end":{"line":143,"column":31}},"17":{"start":{"line":146,"column":10},"end":{"line":146,"column":30}},"18":{"start":{"line":147,"column":10},"end":{"line":147,"column":31}},"19":{"start":{"line":150,"column":10},"end":{"line":150,"column":30}},"20":{"start":{"line":151,"column":10},"end":{"line":151,"column":29}},"21":{"start":{"line":156,"column":4},"end":{"line":160,"column":11}},"22":{"start":{"line":157,"column":6},"end":{"line":159,"column":15}},"23":{"start":{"line":158,"column":8},"end":{"line":158,"column":28}},"24":{"start":{"line":162,"column":4},"end":{"line":164,"column":5}},"25":{"start":{"line":163,"column":6},"end":{"line":163,"column":23}},"26":{"start":{"line":176,"column":4},"end":{"line":182,"column":6}}},"fnMap":{"0":{"name":"(anonymous_0)","decl":{"start":{"line":30,"column":24},"end":{"line":30,"column":25}},"loc":{"start":{"line":31,"column":2},"end":{"line":96,"column":24}},"line":31},"1":{"name":"(anonymous_1)","decl":{"start":{"line":101,"column":19},"end":{"line":101,"column":20}},"loc":{"start":{"line":102,"column":2},"end":{"line":108,"column":17}},"line":102},"2":{"name":"(anonymous_2)","decl":{"start":{"line":111,"column":24},"end":{"line":111,"column":25}},"loc":{"start":{"line":112,"column":2},"end":{"line":130,"column":24}},"line":112},"3":{"name":"(anonymous_3)","decl":{"start":{"line":135,"column":15},"end":{"line":135,"column":16}},"loc":{"start":{"line":135,"column":21},"end":{"line":183,"column":1}},"line":135},"4":{"name":"(anonymous_4)","decl":{"start":{"line":139,"column":38},"end":{"line":139,"column":39}},"loc":{"start":{"line":139,"column":44},"end":{"line":154,"column":5}},"line":139},"5":{"name":"(anonymous_5)","decl":{"start":{"line":141,"column":16},"end":{"line":141,"column":17}},"loc":{"start":{"line":141,"column":22},"end":{"line":144,"column":9}},"line":141},"6":{"name":"(anonymous_6)","decl":{"start":{"line":145,"column":16},"end":{"line":145,"column":17}},"loc":{"start":{"line":145,"column":22},"end":{"line":148,"column":9}},"line":145},"7":{"name":"(anonymous_7)","decl":{"start":{"line":149,"column":17},"end":{"line":149,"column":18}},"loc":{"start":{"line":149,"column":23},"end":{"line":152,"column":9}},"line":149},"8":{"name":"(anonymous_8)","decl":{"start":{"line":156,"column":20},"end":{"line":156,"column":21}},"loc":{"start":{"line":156,"column":26},"end":{"line":160,"column":5}},"line":156},"9":{"name":"(anonymous_9)","decl":{"start":{"line":157,"column":17},"end":{"line":157,"column":18}},"loc":{"start":{"line":157,"column":23},"end":{"line":159,"column":7}},"line":157}},"branchMap":{"0":{"loc":{"start":{"line":113,"column":5},"end":{"line":129,"column":5}},"type":"cond-expr","locations":[{"start":{"line":114,"column":4},"end":{"line":120,"column":6}},{"start":{"line":122,"column":4},"end":{"line":128,"column":6}}],"line":113},"1":{"loc":{"start":{"line":162,"column":4},"end":{"line":164,"column":5}},"type":"if","locations":[{"start":{"line":162,"column":4},"end":{"line":164,"column":5}},{"start":{"line":162,"column":4},"end":{"line":164,"column":5}}],"line":162}},"s":{"0":0,"1":0,"2":0,"3":0,"4":0,"5":0,"6":0,"7":0,"8":0,"9":0,"10":0,"11":0,"12":0,"13":0,"14":0,"15":0,"16":0,"17":0,"18":0,"19":0,"20":0,"21":0,"22":0,"23":0,"24":0,"25":0,"26":0},"f":{"0":0,"1":0,"2":0,"3":0,"4":0,"5":0,"6":0,"7":0,"8":0,"9":0},"b":{"0":[0,0],"1":[0,0]}}
,"D:\\Third-year\\Semester2\\FYP\\ReactCaloriesTracker\\components\\AddItem.js": {"path":"D:\\Third-year\\Semester2\\FYP\\ReactCaloriesTracker\\components\\AddItem.js","statementMap":{"0":{"start":{"line":10,"column":11},"end":{"line":10,"column":13}},"1":{"start":{"line":13,"column":8},"end":{"line":13,"column":20}},"2":{"start":{"line":14,"column":7},"end":{"line":14,"column":42}},"3":{"start":{"line":17,"column":12},"end":{"line":27,"column":5}},"4":{"start":{"line":29,"column":19},"end":{"line":31,"column":7}},"5":{"start":{"line":30,"column":8},"end":{"line":30,"column":37}},"6":{"start":{"line":33,"column":19},"end":{"line":36,"column":1}},"7":{"start":{"line":34,"column":4},"end":{"line":34,"column":23}},"8":{"start":{"line":35,"column":4},"end":{"line":35,"column":176}},"9":{"start":{"line":39,"column":4},"end":{"line":134,"column":4}},"10":{"start":{"line":46,"column":32},"end":{"line":46,"column":62}},"11":{"start":{"line":64,"column":32},"end":{"line":64,"column":64}},"12":{"start":{"line":71,"column":32},"end":{"line":71,"column":61}},"13":{"start":{"line":88,"column":32},"end":{"line":88,"column":62}},"14":{"start":{"line":95,"column":32},"end":{"line":95,"column":63}},"15":{"start":{"line":102,"column":32},"end":{"line":102,"column":63}},"16":{"start":{"line":109,"column":32},"end":{"line":109,"column":63}},"17":{"start":{"line":116,"column":32},"end":{"line":116,"column":65}},"18":{"start":{"line":121,"column":18},"end":{"line":121,"column":39}},"19":{"start":{"line":129,"column":18},"end":{"line":129,"column":66}}},"fnMap":{"0":{"name":"(anonymous_0)","decl":{"start":{"line":12,"column":4},"end":{"line":12,"column":5}},"loc":{"start":{"line":12,"column":22},"end":{"line":15,"column":5}},"line":12},"1":{"name":"(anonymous_1)","decl":{"start":{"line":29,"column":19},"end":{"line":29,"column":20}},"loc":{"start":{"line":29,"column":33},"end":{"line":31,"column":7}},"line":29},"2":{"name":"(anonymous_2)","decl":{"start":{"line":33,"column":19},"end":{"line":33,"column":20}},"loc":{"start":{"line":33,"column":25},"end":{"line":36,"column":1}},"line":33},"3":{"name":"(anonymous_3)","decl":{"start":{"line":38,"column":2},"end":{"line":38,"column":3}},"loc":{"start":{"line":38,"column":10},"end":{"line":135,"column":1}},"line":38},"4":{"name":"(anonymous_4)","decl":{"start":{"line":46,"column":26},"end":{"line":46,"column":27}},"loc":{"start":{"line":46,"column":32},"end":{"line":46,"column":62}},"line":46},"5":{"name":"(anonymous_5)","decl":{"start":{"line":64,"column":26},"end":{"line":64,"column":27}},"loc":{"start":{"line":64,"column":32},"end":{"line":64,"column":64}},"line":64},"6":{"name":"(anonymous_6)","decl":{"start":{"line":71,"column":26},"end":{"line":71,"column":27}},"loc":{"start":{"line":71,"column":32},"end":{"line":71,"column":61}},"line":71},"7":{"name":"(anonymous_7)","decl":{"start":{"line":88,"column":26},"end":{"line":88,"column":27}},"loc":{"start":{"line":88,"column":32},"end":{"line":88,"column":62}},"line":88},"8":{"name":"(anonymous_8)","decl":{"start":{"line":95,"column":26},"end":{"line":95,"column":27}},"loc":{"start":{"line":95,"column":32},"end":{"line":95,"column":63}},"line":95},"9":{"name":"(anonymous_9)","decl":{"start":{"line":102,"column":26},"end":{"line":102,"column":27}},"loc":{"start":{"line":102,"column":32},"end":{"line":102,"column":63}},"line":102},"10":{"name":"(anonymous_10)","decl":{"start":{"line":109,"column":26},"end":{"line":109,"column":27}},"loc":{"start":{"line":109,"column":32},"end":{"line":109,"column":63}},"line":109},"11":{"name":"(anonymous_11)","decl":{"start":{"line":116,"column":26},"end":{"line":116,"column":27}},"loc":{"start":{"line":116,"column":32},"end":{"line":116,"column":65}},"line":116},"12":{"name":"(anonymous_12)","decl":{"start":{"line":121,"column":12},"end":{"line":121,"column":13}},"loc":{"start":{"line":121,"column":18},"end":{"line":121,"column":39}},"line":121},"13":{"name":"(anonymous_13)","decl":{"start":{"line":129,"column":12},"end":{"line":129,"column":13}},"loc":{"start":{"line":129,"column":18},"end":{"line":129,"column":66}},"line":129}},"branchMap":{},"s":{"0":0,"1":0,"2":0,"3":0,"4":0,"5":0,"6":0,"7":0,"8":0,"9":0,"10":0,"11":0,"12":0,"13":0,"14":0,"15":0,"16":0,"17":0,"18":0,"19":0},"f":{"0":0,"1":0,"2":0,"3":0,"4":0,"5":0,"6":0,"7":0,"8":0,"9":0,"10":0,"11":0,"12":0,"13":0},"b":{}}
,"D:\\Third-year\\Semester2\\FYP\\ReactCaloriesTracker\\components\\AuthContext.js": {"path":"D:\\Third-year\\Semester2\\FYP\\ReactCaloriesTracker\\components\\AuthContext.js","statementMap":{"0":{"start":{"line":4,"column":27},"end":{"line":4,"column":48}}},"fnMap":{},"branchMap":{},"s":{"0":0},"f":{},"b":{}}
,"D:\\Third-year\\Semester2\\FYP\\ReactCaloriesTracker\\components\\BarcodeScanner.js": {"path":"D:\\Third-year\\Semester2\\FYP\\ReactCaloriesTracker\\components\\BarcodeScanner.js","statementMap":{"0":{"start":{"line":11,"column":4},"end":{"line":11,"column":17}},"1":{"start":{"line":13,"column":4},"end":{"line":13,"column":28}},"2":{"start":{"line":15,"column":4},"end":{"line":18,"column":5}},"3":{"start":{"line":20,"column":4},"end":{"line":20,"column":55}},"4":{"start":{"line":25,"column":25},"end":{"line":25,"column":71}},"5":{"start":{"line":26,"column":6},"end":{"line":26,"column":65}},"6":{"start":{"line":30,"column":4},"end":{"line":30,"column":51}},"7":{"start":{"line":31,"column":4},"end":{"line":40,"column":5}},"8":{"start":{"line":32,"column":6},"end":{"line":32,"column":48}},"9":{"start":{"line":33,"column":6},"end":{"line":33,"column":26}},"10":{"start":{"line":34,"column":30},"end":{"line":34,"column":34}},"11":{"start":{"line":35,"column":6},"end":{"line":35,"column":45}},"12":{"start":{"line":36,"column":6},"end":{"line":36,"column":17}},"13":{"start":{"line":37,"column":6},"end":{"line":39,"column":8}},"14":{"start":{"line":61,"column":36},"end":{"line":61,"column":46}},"15":{"start":{"line":63,"column":4},"end":{"line":65,"column":5}},"16":{"start":{"line":64,"column":6},"end":{"line":64,"column":59}},"17":{"start":{"line":67,"column":4},"end":{"line":69,"column":5}},"18":{"start":{"line":68,"column":6},"end":{"line":68,"column":46}},"19":{"start":{"line":72,"column":4},"end":{"line":90,"column":6}},"20":{"start":{"line":81,"column":30},"end":{"line":81,"column":113}},"21":{"start":{"line":85,"column":30},"end":{"line":85,"column":71}},"22":{"start":{"line":94,"column":15},"end":{"line":107,"column":2}}},"fnMap":{"0":{"name":"(anonymous_0)","decl":{"start":{"line":10,"column":2},"end":{"line":10,"column":3}},"loc":{"start":{"line":10,"column":21},"end":{"line":21,"column":3}},"line":10},"1":{"name":"(anonymous_1)","decl":{"start":{"line":24,"column":1},"end":{"line":24,"column":2}},"loc":{"start":{"line":24,"column":27},"end":{"line":27,"column":3}},"line":24},"2":{"name":"(anonymous_2)","decl":{"start":{"line":29,"column":2},"end":{"line":29,"column":3}},"loc":{"start":{"line":29,"column":29},"end":{"line":58,"column":3}},"line":29},"3":{"name":"(anonymous_3)","decl":{"start":{"line":60,"column":2},"end":{"line":60,"column":3}},"loc":{"start":{"line":60,"column":10},"end":{"line":91,"column":3}},"line":60},"4":{"name":"(anonymous_4)","decl":{"start":{"line":81,"column":23},"end":{"line":81,"column":24}},"loc":{"start":{"line":81,"column":29},"end":{"line":81,"column":114}},"line":81},"5":{"name":"(anonymous_5)","decl":{"start":{"line":85,"column":23},"end":{"line":85,"column":24}},"loc":{"start":{"line":85,"column":29},"end":{"line":85,"column":72}},"line":85}},"branchMap":{"0":{"loc":{"start":{"line":31,"column":4},"end":{"line":40,"column":5}},"type":"if","locations":[{"start":{"line":31,"column":4},"end":{"line":40,"column":5}},{"start":{"line":31,"column":4},"end":{"line":40,"column":5}}],"line":31},"1":{"loc":{"start":{"line":63,"column":4},"end":{"line":65,"column":5}},"type":"if","locations":[{"start":{"line":63,"column":4},"end":{"line":65,"column":5}},{"start":{"line":63,"column":4},"end":{"line":65,"column":5}}],"line":63},"2":{"loc":{"start":{"line":67,"column":4},"end":{"line":69,"column":5}},"type":"if","locations":[{"start":{"line":67,"column":4},"end":{"line":69,"column":5}},{"start":{"line":67,"column":4},"end":{"line":69,"column":5}}],"line":67}},"s":{"0":1,"1":1,"2":1,"3":1,"4":1,"5":0,"6":0,"7":0,"8":0,"9":0,"10":0,"11":0,"12":0,"13":0,"14":1,"15":1,"16":1,"17":0,"18":0,"19":0,"20":0,"21":0,"22":1},"f":{"0":1,"1":1,"2":0,"3":1,"4":0,"5":0},"b":{"0":[0,0],"1":[1,0],"2":[0,0]},"_coverageSchema":"1a1c01bbd47fc00a2c39e90264f33305004495a9","hash":"bbec7450f11bbe28f632cecfbad32c54e893a854"}
,"D:\\Third-year\\Semester2\\FYP\\ReactCaloriesTracker\\components\\ChangePassword.js": {"path":"D:\\Third-year\\Semester2\\FYP\\ReactCaloriesTracker\\components\\ChangePassword.js","statementMap":{"0":{"start":{"line":8,"column":8},"end":{"line":28,"column":10}},"1":{"start":{"line":25,"column":25},"end":{"line":25,"column":68}}},"fnMap":{"0":{"name":"(anonymous_0)","decl":{"start":{"line":7,"column":4},"end":{"line":7,"column":5}},"loc":{"start":{"line":7,"column":12},"end":{"line":29,"column":5}},"line":7},"1":{"name":"(anonymous_1)","decl":{"start":{"line":25,"column":18},"end":{"line":25,"column":19}},"loc":{"start":{"line":25,"column":24},"end":{"line":25,"column":69}},"line":25}},"branchMap":{},"s":{"0":0,"1":0},"f":{"0":0,"1":0},"b":{}}
,"D:\\Third-year\\Semester2\\FYP\\ReactCaloriesTracker\\components\\Dashboard.js": {"path":"D:\\Third-year\\Semester2\\FYP\\ReactCaloriesTracker\\components\\Dashboard.js","statementMap":{"0":{"start":{"line":10,"column":19},"end":{"line":13,"column":7}},"1":{"start":{"line":14,"column":26},"end":{"line":14,"column":56}},"2":{"start":{"line":15,"column":26},"end":{"line":24,"column":7}},"3":{"start":{"line":20,"column":32},"end":{"line":20,"column":64}},"4":{"start":{"line":25,"column":8},"end":{"line":60,"column":10}},"5":{"start":{"line":28,"column":22},"end":{"line":28,"column":65}},"6":{"start":{"line":49,"column":22},"end":{"line":49,"column":70}},"7":{"start":{"line":55,"column":22},"end":{"line":55,"column":63}}},"fnMap":{"0":{"name":"(anonymous_0)","decl":{"start":{"line":9,"column":4},"end":{"line":9,"column":5}},"loc":{"start":{"line":9,"column":12},"end":{"line":61,"column":5}},"line":9},"1":{"name":"(anonymous_1)","decl":{"start":{"line":20,"column":15},"end":{"line":20,"column":16}},"loc":{"start":{"line":20,"column":32},"end":{"line":20,"column":64}},"line":20},"2":{"name":"(anonymous_2)","decl":{"start":{"line":28,"column":16},"end":{"line":28,"column":17}},"loc":{"start":{"line":28,"column":22},"end":{"line":28,"column":65}},"line":28},"3":{"name":"(anonymous_3)","decl":{"start":{"line":49,"column":16},"end":{"line":49,"column":17}},"loc":{"start":{"line":49,"column":22},"end":{"line":49,"column":70}},"line":49},"4":{"name":"(anonymous_4)","decl":{"start":{"line":55,"column":16},"end":{"line":55,"column":17}},"loc":{"start":{"line":55,"column":22},"end":{"line":55,"column":63}},"line":55}},"branchMap":{"0":{"loc":{"start":{"line":20,"column":16},"end":{"line":20,"column":27}},"type":"default-arg","locations":[{"start":{"line":20,"column":26},"end":{"line":20,"column":27}}],"line":20}},"s":{"0":0,"1":0,"2":0,"3":0,"4":0,"5":0,"6":0,"7":0},"f":{"0":0,"1":0,"2":0,"3":0,"4":0},"b":{"0":[0]}}
,"D:\\Third-year\\Semester2\\FYP\\ReactCaloriesTracker\\components\\Firebase.js": {"path":"D:\\Third-year\\Semester2\\FYP\\ReactCaloriesTracker\\components\\Firebase.js","statementMap":{"0":{"start":{"line":4,"column":23},"end":{"line":13,"column":1}},"1":{"start":{"line":15,"column":27},"end":{"line":20,"column":1}},"2":{"start":{"line":22,"column":21},"end":{"line":22,"column":26}},"3":{"start":{"line":23,"column":17},"end":{"line":23,"column":21}},"4":{"start":{"line":28,"column":10},"end":{"line":31,"column":3}},"5":{"start":{"line":34,"column":6},"end":{"line":39,"column":7}},"6":{"start":{"line":35,"column":8},"end":{"line":35,"column":47}},"7":{"start":{"line":37,"column":8},"end":{"line":37,"column":23}},"8":{"start":{"line":43,"column":4},"end":{"line":53,"column":6}},"9":{"start":{"line":45,"column":22},"end":{"line":45,"column":32}},"10":{"start":{"line":46,"column":25},"end":{"line":46,"column":38}},"11":{"start":{"line":47,"column":6},"end":{"line":51,"column":7}},"12":{"start":{"line":48,"column":8},"end":{"line":48,"column":43}},"13":{"start":{"line":50,"column":8},"end":{"line":50,"column":28}},"14":{"start":{"line":52,"column":6},"end":{"line":52,"column":25}},"15":{"start":{"line":57,"column":4},"end":{"line":67,"column":7}},"16":{"start":{"line":58,"column":22},"end":{"line":58,"column":32}},"17":{"start":{"line":59,"column":25},"end":{"line":59,"column":38}},"18":{"start":{"line":60,"column":6},"end":{"line":66,"column":7}},"19":{"start":{"line":61,"column":8},"end":{"line":61,"column":27}},"20":{"start":{"line":62,"column":8},"end":{"line":62,"column":33}},"21":{"start":{"line":64,"column":8},"end":{"line":64,"column":27}},"22":{"start":{"line":65,"column":8},"end":{"line":65,"column":28}},"23":{"start":{"line":74,"column":14},"end":{"line":74,"column":46}},"24":{"start":{"line":75,"column":4},"end":{"line":77,"column":7}},"25":{"start":{"line":76,"column":6},"end":{"line":76,"column":32}},"26":{"start":{"line":81,"column":15},"end":{"line":94,"column":5}},"27":{"start":{"line":108,"column":4},"end":{"line":113,"column":6}},"28":{"start":{"line":110,"column":6},"end":{"line":110,"column":40}},"29":{"start":{"line":112,"column":6},"end":{"line":112,"column":25}},"30":{"start":{"line":117,"column":4},"end":{"line":117,"column":22}},"31":{"start":{"line":122,"column":2},"end":{"line":130,"column":7}},"32":{"start":{"line":123,"column":4},"end":{"line":129,"column":5}},"33":{"start":{"line":124,"column":4},"end":{"line":124,"column":69}},"34":{"start":{"line":125,"column":4},"end":{"line":125,"column":33}},"35":{"start":{"line":127,"column":6},"end":{"line":127,"column":33}},"36":{"start":{"line":134,"column":4},"end":{"line":134,"column":72}},"37":{"start":{"line":135,"column":4},"end":{"line":137,"column":5}},"38":{"start":{"line":136,"column":6},"end":{"line":136,"column":37}},"39":{"start":{"line":138,"column":4},"end":{"line":149,"column":7}},"40":{"start":{"line":139,"column":26},"end":{"line":139,"column":55}},"41":{"start":{"line":140,"column":8},"end":{"line":143,"column":9}},"42":{"start":{"line":141,"column":10},"end":{"line":141,"column":59}},"43":{"start":{"line":142,"column":10},"end":{"line":142,"column":41}},"44":{"start":{"line":145,"column":6},"end":{"line":145,"column":57}},"45":{"start":{"line":146,"column":6},"end":{"line":146,"column":37}},"46":{"start":{"line":148,"column":6},"end":{"line":148,"column":24}},"47":{"start":{"line":153,"column":4},"end":{"line":169,"column":6}},"48":{"start":{"line":165,"column":6},"end":{"line":165,"column":44}},"49":{"start":{"line":168,"column":6},"end":{"line":168,"column":41}},"50":{"start":{"line":173,"column":4},"end":{"line":173,"column":48}},"51":{"start":{"line":174,"column":14},"end":{"line":174,"column":65}},"52":{"start":{"line":175,"column":4},"end":{"line":178,"column":6}},"53":{"start":{"line":176,"column":17},"end":{"line":176,"column":31}},"54":{"start":{"line":177,"column":6},"end":{"line":177,"column":64}}},"fnMap":{"0":{"name":"(anonymous_0)","decl":{"start":{"line":33,"column":4},"end":{"line":33,"column":5}},"loc":{"start":{"line":33,"column":17},"end":{"line":40,"column":5}},"line":33},"1":{"name":"(anonymous_1)","decl":{"start":{"line":42,"column":3},"end":{"line":42,"column":4}},"loc":{"start":{"line":42,"column":53},"end":{"line":54,"column":3}},"line":42},"2":{"name":"(anonymous_2)","decl":{"start":{"line":44,"column":11},"end":{"line":44,"column":12}},"loc":{"start":{"line":44,"column":26},"end":{"line":53,"column":5}},"line":44},"3":{"name":"(anonymous_3)","decl":{"start":{"line":56,"column":2},"end":{"line":56,"column":3}},"loc":{"start":{"line":56,"column":44},"end":{"line":68,"column":3}},"line":56},"4":{"name":"(anonymous_4)","decl":{"start":{"line":57,"column":78},"end":{"line":57,"column":79}},"loc":{"start":{"line":57,"column":94},"end":{"line":67,"column":5}},"line":57},"5":{"name":"(anonymous_5)","decl":{"start":{"line":70,"column":2},"end":{"line":70,"column":3}},"loc":{"start":{"line":70,"column":25},"end":{"line":78,"column":3}},"line":70},"6":{"name":"(anonymous_6)","decl":{"start":{"line":75,"column":51},"end":{"line":75,"column":52}},"loc":{"start":{"line":75,"column":70},"end":{"line":77,"column":5}},"line":75},"7":{"name":"(anonymous_7)","decl":{"start":{"line":80,"column":2},"end":{"line":80,"column":3}},"loc":{"start":{"line":80,"column":177},"end":{"line":105,"column":3}},"line":80},"8":{"name":"(anonymous_8)","decl":{"start":{"line":107,"column":2},"end":{"line":107,"column":3}},"loc":{"start":{"line":107,"column":36},"end":{"line":114,"column":3}},"line":107},"9":{"name":"(anonymous_9)","decl":{"start":{"line":109,"column":10},"end":{"line":109,"column":11}},"loc":{"start":{"line":109,"column":21},"end":{"line":111,"column":5}},"line":109},"10":{"name":"(anonymous_10)","decl":{"start":{"line":111,"column":13},"end":{"line":111,"column":14}},"loc":{"start":{"line":111,"column":29},"end":{"line":113,"column":4}},"line":111},"11":{"name":"(anonymous_11)","decl":{"start":{"line":116,"column":2},"end":{"line":116,"column":3}},"loc":{"start":{"line":116,"column":27},"end":{"line":118,"column":3}},"line":116},"12":{"name":"(anonymous_12)","decl":{"start":{"line":120,"column":2},"end":{"line":120,"column":3}},"loc":{"start":{"line":120,"column":23},"end":{"line":131,"column":3}},"line":120},"13":{"name":"(anonymous_13)","decl":{"start":{"line":122,"column":37},"end":{"line":122,"column":38}},"loc":{"start":{"line":122,"column":49},"end":{"line":130,"column":5}},"line":122},"14":{"name":"(anonymous_14)","decl":{"start":{"line":133,"column":2},"end":{"line":133,"column":3}},"loc":{"start":{"line":133,"column":32},"end":{"line":150,"column":5}},"line":133},"15":{"name":"(anonymous_15)","decl":{"start":{"line":152,"column":2},"end":{"line":152,"column":3}},"loc":{"start":{"line":152,"column":119},"end":{"line":170,"column":3}},"line":152},"16":{"name":"(anonymous_16)","decl":{"start":{"line":164,"column":10},"end":{"line":164,"column":11}},"loc":{"start":{"line":164,"column":27},"end":{"line":166,"column":5}},"line":164},"17":{"name":"(anonymous_17)","decl":{"start":{"line":167,"column":11},"end":{"line":167,"column":12}},"loc":{"start":{"line":167,"column":22},"end":{"line":169,"column":5}},"line":167},"18":{"name":"(anonymous_18)","decl":{"start":{"line":172,"column":2},"end":{"line":172,"column":3}},"loc":{"start":{"line":172,"column":29},"end":{"line":196,"column":3}},"line":172},"19":{"name":"(anonymous_19)","decl":{"start":{"line":175,"column":22},"end":{"line":175,"column":23}},"loc":{"start":{"line":175,"column":36},"end":{"line":178,"column":5}},"line":175}},"branchMap":{"0":{"loc":{"start":{"line":34,"column":6},"end":{"line":39,"column":7}},"type":"if","locations":[{"start":{"line":34,"column":6},"end":{"line":39,"column":7}},{"start":{"line":34,"column":6},"end":{"line":39,"column":7}}],"line":34},"1":{"loc":{"start":{"line":47,"column":6},"end":{"line":51,"column":7}},"type":"if","locations":[{"start":{"line":47,"column":6},"end":{"line":51,"column":7}},{"start":{"line":47,"column":6},"end":{"line":51,"column":7}}],"line":47},"2":{"loc":{"start":{"line":60,"column":6},"end":{"line":66,"column":7}},"type":"if","locations":[{"start":{"line":60,"column":6},"end":{"line":66,"column":7}},{"start":{"line":60,"column":6},"end":{"line":66,"column":7}}],"line":60},"3":{"loc":{"start":{"line":123,"column":4},"end":{"line":129,"column":5}},"type":"if","locations":[{"start":{"line":123,"column":4},"end":{"line":129,"column":5}},{"start":{"line":123,"column":4},"end":{"line":129,"column":5}}],"line":123},"4":{"loc":{"start":{"line":135,"column":4},"end":{"line":137,"column":5}},"type":"if","locations":[{"start":{"line":135,"column":4},"end":{"line":137,"column":5}},{"start":{"line":135,"column":4},"end":{"line":137,"column":5}}],"line":135},"5":{"loc":{"start":{"line":140,"column":8},"end":{"line":143,"column":9}},"type":"if","locations":[{"start":{"line":140,"column":8},"end":{"line":143,"column":9}},{"start":{"line":140,"column":8},"end":{"line":143,"column":9}}],"line":140}},"s":{"0":1,"1":1,"2":1,"3":1,"4":0,"5":0,"6":0,"7":0,"8":0,"9":0,"10":0,"11":0,"12":0,"13":0,"14":0,"15":0,"16":0,"17":0,"18":0,"19":0,"20":0,"21":0,"22":0,"23":0,"24":0,"25":0,"26":0,"27":0,"28":0,"29":0,"30":0,"31":0,"32":0,"33":0,"34":0,"35":0,"36":0,"37":0,"38":0,"39":0,"40":0,"41":0,"42":0,"43":0,"44":0,"45":0,"46":0,"47":0,"48":0,"49":0,"50":0,"51":0,"52":0,"53":0,"54":0},"f":{"0":0,"1":0,"2":0,"3":0,"4":0,"5":0,"6":0,"7":0,"8":0,"9":0,"10":0,"11":0,"12":0,"13":0,"14":0,"15":0,"16":0,"17":0,"18":0,"19":0},"b":{"0":[0,0],"1":[0,0],"2":[0,0],"3":[0,0],"4":[0,0],"5":[0,0]},"_coverageSchema":"1a1c01bbd47fc00a2c39e90264f33305004495a9","hash":"9fc87716344726fa7454c8439b698d0bb081ba9a"}
,"D:\\Third-year\\Semester2\\FYP\\ReactCaloriesTracker\\components\\Food.js": {"path":"D:\\Third-year\\Semester2\\FYP\\ReactCaloriesTracker\\components\\Food.js","statementMap":{},"fnMap":{},"branchMap":{},"s":{},"f":{},"b":{}}
,"D:\\Third-year\\Semester2\\FYP\\ReactCaloriesTracker\\components\\FoodInformation.js": {"path":"D:\\Third-year\\Semester2\\FYP\\ReactCaloriesTracker\\components\\FoodInformation.js","statementMap":{"0":{"start":{"line":6,"column":24},"end":{"line":35,"column":1}},"1":{"start":{"line":8,"column":23},"end":{"line":8,"column":35}},"2":{"start":{"line":9,"column":24},"end":{"line":9,"column":36}},"3":{"start":{"line":10,"column":30},"end":{"line":10,"column":42}},"4":{"start":{"line":11,"column":31},"end":{"line":11,"column":43}},"5":{"start":{"line":13,"column":4},"end":{"line":34,"column":4}}},"fnMap":{"0":{"name":"(anonymous_0)","decl":{"start":{"line":6,"column":24},"end":{"line":6,"column":25}},"loc":{"start":{"line":6,"column":37},"end":{"line":35,"column":1}},"line":6}},"branchMap":{},"s":{"0":0,"1":0,"2":0,"3":0,"4":0,"5":0},"f":{"0":0},"b":{}}
,"D:\\Third-year\\Semester2\\FYP\\ReactCaloriesTracker\\components\\ForgotPassword.js": {"path":"D:\\Third-year\\Semester2\\FYP\\ReactCaloriesTracker\\components\\ForgotPassword.js","statementMap":{"0":{"start":{"line":8,"column":8},"end":{"line":21,"column":10}},"1":{"start":{"line":18,"column":25},"end":{"line":18,"column":69}}},"fnMap":{"0":{"name":"(anonymous_0)","decl":{"start":{"line":7,"column":4},"end":{"line":7,"column":5}},"loc":{"start":{"line":7,"column":12},"end":{"line":22,"column":5}},"line":7},"1":{"name":"(anonymous_1)","decl":{"start":{"line":18,"column":18},"end":{"line":18,"column":19}},"loc":{"start":{"line":18,"column":24},"end":{"line":18,"column":70}},"line":18}},"branchMap":{},"s":{"0":0,"1":0},"f":{"0":0,"1":0},"b":{}}
,"D:\\Third-year\\Semester2\\FYP\\ReactCaloriesTracker\\components\\Item.js": {"path":"D:\\Third-year\\Semester2\\FYP\\ReactCaloriesTracker\\components\\Item.js","statementMap":{"0":{"start":{"line":21,"column":8},"end":{"line":21,"column":23}},"1":{"start":{"line":22,"column":8},"end":{"line":22,"column":18}},"2":{"start":{"line":23,"column":8},"end":{"line":23,"column":20}},"3":{"start":{"line":24,"column":8},"end":{"line":24,"column":17}},"4":{"start":{"line":25,"column":8},"end":{"line":25,"column":19}},"5":{"start":{"line":26,"column":8},"end":{"line":26,"column":19}},"6":{"start":{"line":27,"column":8},"end":{"line":27,"column":19}},"7":{"start":{"line":28,"column":8},"end":{"line":28,"column":21}},"8":{"start":{"line":29,"column":8},"end":{"line":29,"column":18}},"9":{"start":{"line":33,"column":8},"end":{"line":33,"column":34}},"10":{"start":{"line":37,"column":8},"end":{"line":37,"column":24}},"11":{"start":{"line":41,"column":8},"end":{"line":41,"column":28}},"12":{"start":{"line":45,"column":8},"end":{"line":45,"column":22}},"13":{"start":{"line":49,"column":8},"end":{"line":49,"column":26}},"14":{"start":{"line":53,"column":8},"end":{"line":53,"column":26}},"15":{"start":{"line":57,"column":8},"end":{"line":57,"column":26}},"16":{"start":{"line":61,"column":8},"end":{"line":61,"column":30}},"17":{"start":{"line":65,"column":8},"end":{"line":65,"column":24}},"18":{"start":{"line":69,"column":8},"end":{"line":69,"column":25}},"19":{"start":{"line":73,"column":8},"end":{"line":73,"column":20}},"20":{"start":{"line":77,"column":8},"end":{"line":77,"column":22}},"21":{"start":{"line":81,"column":8},"end":{"line":81,"column":19}},"22":{"start":{"line":85,"column":8},"end":{"line":85,"column":21}},"23":{"start":{"line":89,"column":8},"end":{"line":89,"column":21}},"24":{"start":{"line":93,"column":8},"end":{"line":93,"column":21}},"25":{"start":{"line":97,"column":8},"end":{"line":97,"column":23}},"26":{"start":{"line":101,"column":8},"end":{"line":101,"column":20}}},"fnMap":{"0":{"name":"(anonymous_0)","decl":{"start":{"line":20,"column":4},"end":{"line":20,"column":5}},"loc":{"start":{"line":20,"column":10},"end":{"line":30,"column":5}},"line":20},"1":{"name":"(anonymous_1)","decl":{"start":{"line":32,"column":4},"end":{"line":32,"column":5}},"loc":{"start":{"line":32,"column":38},"end":{"line":34,"column":5}},"line":32},"2":{"name":"(anonymous_2)","decl":{"start":{"line":36,"column":4},"end":{"line":36,"column":5}},"loc":{"start":{"line":36,"column":28},"end":{"line":38,"column":5}},"line":36},"3":{"name":"(anonymous_3)","decl":{"start":{"line":40,"column":4},"end":{"line":40,"column":5}},"loc":{"start":{"line":40,"column":32},"end":{"line":42,"column":5}},"line":40},"4":{"name":"(anonymous_4)","decl":{"start":{"line":44,"column":4},"end":{"line":44,"column":5}},"loc":{"start":{"line":44,"column":26},"end":{"line":46,"column":5}},"line":44},"5":{"name":"(anonymous_5)","decl":{"start":{"line":48,"column":4},"end":{"line":48,"column":5}},"loc":{"start":{"line":48,"column":30},"end":{"line":50,"column":5}},"line":48},"6":{"name":"(anonymous_6)","decl":{"start":{"line":52,"column":4},"end":{"line":52,"column":5}},"loc":{"start":{"line":52,"column":30},"end":{"line":54,"column":5}},"line":52},"7":{"name":"(anonymous_7)","decl":{"start":{"line":56,"column":4},"end":{"line":56,"column":5}},"loc":{"start":{"line":56,"column":30},"end":{"line":58,"column":5}},"line":56},"8":{"name":"(anonymous_8)","decl":{"start":{"line":60,"column":4},"end":{"line":60,"column":5}},"loc":{"start":{"line":60,"column":34},"end":{"line":62,"column":5}},"line":60},"9":{"name":"(anonymous_9)","decl":{"start":{"line":64,"column":4},"end":{"line":64,"column":5}},"loc":{"start":{"line":64,"column":28},"end":{"line":66,"column":5}},"line":64},"10":{"name":"(anonymous_10)","decl":{"start":{"line":68,"column":4},"end":{"line":68,"column":5}},"loc":{"start":{"line":68,"column":25},"end":{"line":70,"column":5}},"line":68},"11":{"name":"(anonymous_11)","decl":{"start":{"line":72,"column":4},"end":{"line":72,"column":5}},"loc":{"start":{"line":72,"column":20},"end":{"line":74,"column":5}},"line":72},"12":{"name":"(anonymous_12)","decl":{"start":{"line":76,"column":4},"end":{"line":76,"column":5}},"loc":{"start":{"line":76,"column":22},"end":{"line":78,"column":5}},"line":76},"13":{"name":"(anonymous_13)","decl":{"start":{"line":80,"column":4},"end":{"line":80,"column":5}},"loc":{"start":{"line":80,"column":19},"end":{"line":82,"column":5}},"line":80},"14":{"name":"(anonymous_14)","decl":{"start":{"line":84,"column":4},"end":{"line":84,"column":5}},"loc":{"start":{"line":84,"column":21},"end":{"line":86,"column":5}},"line":84},"15":{"name":"(anonymous_15)","decl":{"start":{"line":88,"column":4},"end":{"line":88,"column":5}},"loc":{"start":{"line":88,"column":21},"end":{"line":90,"column":5}},"line":88},"16":{"name":"(anonymous_16)","decl":{"start":{"line":92,"column":4},"end":{"line":92,"column":5}},"loc":{"start":{"line":92,"column":21},"end":{"line":94,"column":5}},"line":92},"17":{"name":"(anonymous_17)","decl":{"start":{"line":96,"column":4},"end":{"line":96,"column":5}},"loc":{"start":{"line":96,"column":23},"end":{"line":98,"column":5}},"line":96},"18":{"name":"(anonymous_18)","decl":{"start":{"line":100,"column":4},"end":{"line":100,"column":5}},"loc":{"start":{"line":100,"column":20},"end":{"line":102,"column":5}},"line":100}},"branchMap":{},"s":{"0":0,"1":0,"2":0,"3":0,"4":0,"5":0,"6":0,"7":0,"8":0,"9":0,"10":0,"11":0,"12":0,"13":0,"14":0,"15":0,"16":0,"17":0,"18":0,"19":0,"20":0,"21":0,"22":0,"23":0,"24":0,"25":0,"26":0},"f":{"0":0,"1":0,"2":0,"3":0,"4":0,"5":0,"6":0,"7":0,"8":0,"9":0,"10":0,"11":0,"12":0,"13":0,"14":0,"15":0,"16":0,"17":0,"18":0},"b":{}}
,"D:\\Third-year\\Semester2\\FYP\\ReactCaloriesTracker\\components\\LogFood.js": {"path":"D:\\Third-year\\Semester2\\FYP\\ReactCaloriesTracker\\components\\LogFood.js","statementMap":{"0":{"start":{"line":10,"column":4},"end":{"line":39,"column":4}},"1":{"start":{"line":18,"column":21},"end":{"line":18,"column":65}}},"fnMap":{"0":{"name":"(anonymous_0)","decl":{"start":{"line":9,"column":2},"end":{"line":9,"column":3}},"loc":{"start":{"line":9,"column":10},"end":{"line":40,"column":1}},"line":9},"1":{"name":"(anonymous_1)","decl":{"start":{"line":18,"column":14},"end":{"line":18,"column":15}},"loc":{"start":{"line":18,"column":20},"end":{"line":18,"column":66}},"line":18}},"branchMap":{},"s":{"0":0,"1":0},"f":{"0":0,"1":0},"b":{}}
,"D:\\Third-year\\Semester2\\FYP\\ReactCaloriesTracker\\components\\Login.js": {"path":"D:\\Third-year\\Semester2\\FYP\\ReactCaloriesTracker\\components\\Login.js","statementMap":{"0":{"start":{"line":10,"column":10},"end":{"line":13,"column":3}},"1":{"start":{"line":15,"column":17},"end":{"line":17,"column":3}},"2":{"start":{"line":16,"column":4},"end":{"line":16,"column":33}},"3":{"start":{"line":19,"column":19},"end":{"line":32,"column":3}},"4":{"start":{"line":20,"column":4},"end":{"line":31,"column":5}},"5":{"start":{"line":21,"column":6},"end":{"line":22,"column":26}},"6":{"start":{"line":22,"column":6},"end":{"line":22,"column":26}},"7":{"start":{"line":23,"column":6},"end":{"line":23,"column":69}},"8":{"start":{"line":24,"column":8},"end":{"line":24,"column":53}},"9":{"start":{"line":25,"column":8},"end":{"line":28,"column":9}},"10":{"start":{"line":26,"column":12},"end":{"line":26,"column":56}},"11":{"start":{"line":30,"column":5},"end":{"line":30,"column":47}},"12":{"start":{"line":35,"column":4},"end":{"line":77,"column":4}},"13":{"start":{"line":43,"column":32},"end":{"line":43,"column":63}},"14":{"start":{"line":52,"column":32},"end":{"line":52,"column":66}},"15":{"start":{"line":58,"column":18},"end":{"line":58,"column":61}},"16":{"start":{"line":65,"column":18},"end":{"line":65,"column":66}},"17":{"start":{"line":72,"column":18},"end":{"line":72,"column":62}}},"fnMap":{"0":{"name":"(anonymous_0)","decl":{"start":{"line":15,"column":17},"end":{"line":15,"column":18}},"loc":{"start":{"line":15,"column":31},"end":{"line":17,"column":3}},"line":15},"1":{"name":"(anonymous_1)","decl":{"start":{"line":19,"column":19},"end":{"line":19,"column":20}},"loc":{"start":{"line":19,"column":25},"end":{"line":32,"column":3}},"line":19},"2":{"name":"(anonymous_2)","decl":{"start":{"line":34,"column":2},"end":{"line":34,"column":3}},"loc":{"start":{"line":34,"column":10},"end":{"line":78,"column":1}},"line":34},"3":{"name":"(anonymous_3)","decl":{"start":{"line":43,"column":26},"end":{"line":43,"column":27}},"loc":{"start":{"line":43,"column":32},"end":{"line":43,"column":63}},"line":43},"4":{"name":"(anonymous_4)","decl":{"start":{"line":52,"column":26},"end":{"line":52,"column":27}},"loc":{"start":{"line":52,"column":32},"end":{"line":52,"column":66}},"line":52},"5":{"name":"(anonymous_5)","decl":{"start":{"line":58,"column":12},"end":{"line":58,"column":13}},"loc":{"start":{"line":58,"column":18},"end":{"line":58,"column":61}},"line":58},"6":{"name":"(anonymous_6)","decl":{"start":{"line":65,"column":12},"end":{"line":65,"column":13}},"loc":{"start":{"line":65,"column":18},"end":{"line":65,"column":66}},"line":65},"7":{"name":"(anonymous_7)","decl":{"start":{"line":72,"column":12},"end":{"line":72,"column":13}},"loc":{"start":{"line":72,"column":18},"end":{"line":72,"column":62}},"line":72}},"branchMap":{"0":{"loc":{"start":{"line":20,"column":4},"end":{"line":31,"column":5}},"type":"if","locations":[{"start":{"line":20,"column":4},"end":{"line":31,"column":5}},{"start":{"line":20,"column":4},"end":{"line":31,"column":5}}],"line":20},"1":{"loc":{"start":{"line":21,"column":6},"end":{"line":22,"column":26}},"type":"if","locations":[{"start":{"line":21,"column":6},"end":{"line":22,"column":26}},{"start":{"line":21,"column":6},"end":{"line":22,"column":26}}],"line":21},"2":{"loc":{"start":{"line":25,"column":8},"end":{"line":28,"column":9}},"type":"if","locations":[{"start":{"line":25,"column":8},"end":{"line":28,"column":9}},{"start":{"line":25,"column":8},"end":{"line":28,"column":9}}],"line":25}},"s":{"0":0,"1":0,"2":0,"3":0,"4":0,"5":0,"6":0,"7":0,"8":0,"9":0,"10":0,"11":0,"12":0,"13":0,"14":0,"15":0,"16":0,"17":0},"f":{"0":0,"1":0,"2":0,"3":0,"4":0,"5":0,"6":0,"7":0},"b":{"0":[0,0],"1":[0,0],"2":[0,0]}}
,"D:\\Third-year\\Semester2\\FYP\\ReactCaloriesTracker\\components\\NewAccount.js": {"path":"D:\\Third-year\\Semester2\\FYP\\ReactCaloriesTracker\\components\\NewAccount.js","statementMap":{"0":{"start":{"line":10,"column":19},"end":{"line":13,"column":1}},"1":{"start":{"line":15,"column":19},"end":{"line":18,"column":1}},"2":{"start":{"line":22,"column":10},"end":{"line":29,"column":3}},"3":{"start":{"line":31,"column":17},"end":{"line":33,"column":3}},"4":{"start":{"line":32,"column":4},"end":{"line":32,"column":33}},"5":{"start":{"line":35,"column":19},"end":{"line":47,"column":3}},"6":{"start":{"line":36,"column":4},"end":{"line":46,"column":5}},"7":{"start":{"line":37,"column":6},"end":{"line":37,"column":26}},"8":{"start":{"line":38,"column":8},"end":{"line":38,"column":20}},"9":{"start":{"line":39,"column":8},"end":{"line":39,"column":36}},"10":{"start":{"line":40,"column":8},"end":{"line":40,"column":42}},"11":{"start":{"line":41,"column":8},"end":{"line":41,"column":50}},"12":{"start":{"line":42,"column":8},"end":{"line":42,"column":42}},"13":{"start":{"line":43,"column":8},"end":{"line":43,"column":50}},"14":{"start":{"line":44,"column":8},"end":{"line":44,"column":42}},"15":{"start":{"line":45,"column":8},"end":{"line":45,"column":70}},"16":{"start":{"line":50,"column":4},"end":{"line":108,"column":5}},"17":{"start":{"line":57,"column":29},"end":{"line":57,"column":58}},"18":{"start":{"line":65,"column":29},"end":{"line":65,"column":61}},"19":{"start":{"line":71,"column":29},"end":{"line":71,"column":62}},"20":{"start":{"line":79,"column":29},"end":{"line":79,"column":61}},"21":{"start":{"line":85,"column":29},"end":{"line":85,"column":62}},"22":{"start":{"line":91,"column":61},"end":{"line":91,"column":106}},"23":{"start":{"line":92,"column":57},"end":{"line":92,"column":100}},"24":{"start":{"line":101,"column":36},"end":{"line":101,"column":71}},"25":{"start":{"line":105,"column":15},"end":{"line":105,"column":36}}},"fnMap":{"0":{"name":"(anonymous_0)","decl":{"start":{"line":31,"column":17},"end":{"line":31,"column":18}},"loc":{"start":{"line":31,"column":31},"end":{"line":33,"column":3}},"line":31},"1":{"name":"(anonymous_1)","decl":{"start":{"line":35,"column":19},"end":{"line":35,"column":20}},"loc":{"start":{"line":35,"column":25},"end":{"line":47,"column":3}},"line":35},"2":{"name":"(anonymous_2)","decl":{"start":{"line":49,"column":2},"end":{"line":49,"column":3}},"loc":{"start":{"line":49,"column":10},"end":{"line":109,"column":3}},"line":49},"3":{"name":"(anonymous_3)","decl":{"start":{"line":57,"column":22},"end":{"line":57,"column":23}},"loc":{"start":{"line":57,"column":29},"end":{"line":57,"column":58}},"line":57},"4":{"name":"(anonymous_4)","decl":{"start":{"line":65,"column":22},"end":{"line":65,"column":23}},"loc":{"start":{"line":65,"column":29},"end":{"line":65,"column":61}},"line":65},"5":{"name":"(anonymous_5)","decl":{"start":{"line":71,"column":17},"end":{"line":71,"column":18}},"loc":{"start":{"line":71,"column":28},"end":{"line":71,"column":63}},"line":71},"6":{"name":"(anonymous_6)","decl":{"start":{"line":79,"column":22},"end":{"line":79,"column":23}},"loc":{"start":{"line":79,"column":29},"end":{"line":79,"column":61}},"line":79},"7":{"name":"(anonymous_7)","decl":{"start":{"line":85,"column":17},"end":{"line":85,"column":18}},"loc":{"start":{"line":85,"column":28},"end":{"line":85,"column":63}},"line":85},"8":{"name":"(anonymous_8)","decl":{"start":{"line":91,"column":55},"end":{"line":91,"column":56}},"loc":{"start":{"line":91,"column":61},"end":{"line":91,"column":106}},"line":91},"9":{"name":"(anonymous_9)","decl":{"start":{"line":92,"column":51},"end":{"line":92,"column":52}},"loc":{"start":{"line":92,"column":57},"end":{"line":92,"column":100}},"line":92},"10":{"name":"(anonymous_10)","decl":{"start":{"line":101,"column":24},"end":{"line":101,"column":25}},"loc":{"start":{"line":101,"column":35},"end":{"line":101,"column":72}},"line":101},"11":{"name":"(anonymous_11)","decl":{"start":{"line":105,"column":8},"end":{"line":105,"column":9}},"loc":{"start":{"line":105,"column":14},"end":{"line":105,"column":37}},"line":105}},"branchMap":{"0":{"loc":{"start":{"line":36,"column":4},"end":{"line":46,"column":5}},"type":"if","locations":[{"start":{"line":36,"column":4},"end":{"line":46,"column":5}},{"start":{"line":36,"column":4},"end":{"line":46,"column":5}}],"line":36},"1":{"loc":{"start":{"line":36,"column":7},"end":{"line":36,"column":81}},"type":"binary-expr","locations":[{"start":{"line":36,"column":7},"end":{"line":36,"column":27}},{"start":{"line":36,"column":31},"end":{"line":36,"column":54}},{"start":{"line":36,"column":58},"end":{"line":36,"column":81}}],"line":36}},"s":{"0":0,"1":0,"2":0,"3":0,"4":0,"5":0,"6":0,"7":0,"8":0,"9":0,"10":0,"11":0,"12":0,"13":0,"14":0,"15":0,"16":0,"17":0,"18":0,"19":0,"20":0,"21":0,"22":0,"23":0,"24":0,"25":0},"f":{"0":0,"1":0,"2":0,"3":0,"4":0,"5":0,"6":0,"7":0,"8":0,"9":0,"10":0,"11":0},"b":{"0":[0,0],"1":[0,0,0]}}
,"D:\\Third-year\\Semester2\\FYP\\ReactCaloriesTracker\\components\\SearchFood.js": {"path":"D:\\Third-year\\Semester2\\FYP\\ReactCaloriesTracker\\components\\SearchFood.js","statementMap":{"0":{"start":{"line":10,"column":19},"end":{"line":103,"column":1}},"1":{"start":{"line":12,"column":28},"end":{"line":12,"column":40}},"2":{"start":{"line":13,"column":31},"end":{"line":13,"column":45}},"3":{"start":{"line":14,"column":23},"end":{"line":14,"column":35}},"4":{"start":{"line":15,"column":27},"end":{"line":15,"column":39}},"5":{"start":{"line":16,"column":19},"end":{"line":16,"column":34}},"6":{"start":{"line":18,"column":19},"end":{"line":44,"column":1}},"7":{"start":{"line":19,"column":4},"end":{"line":19,"column":37}},"8":{"start":{"line":20,"column":4},"end":{"line":43,"column":5}},"9":{"start":{"line":46,"column":21},"end":{"line":54,"column":1}},"10":{"start":{"line":47,"column":4},"end":{"line":53,"column":31}},"11":{"start":{"line":48,"column":24},"end":{"line":48,"column":39}},"12":{"start":{"line":49,"column":20},"end":{"line":49,"column":44}},"13":{"start":{"line":51,"column":4},"end":{"line":51,"column":88}},"14":{"start":{"line":52,"column":8},"end":{"line":52,"column":14}},"15":{"start":{"line":56,"column":27},"end":{"line":65,"column":1}},"16":{"start":{"line":57,"column":4},"end":{"line":64,"column":31}},"17":{"start":{"line":58,"column":24},"end":{"line":58,"column":39}},"18":{"start":{"line":59,"column":20},"end":{"line":59,"column":45}},"19":{"start":{"line":61,"column":4},"end":{"line":61,"column":88}},"20":{"start":{"line":63,"column":8},"end":{"line":63,"column":14}},"21":{"start":{"line":67,"column":4},"end":{"line":102,"column":4}},"22":{"start":{"line":73,"column":40},"end":{"line":73,"column":57}},"23":{"start":{"line":85,"column":34},"end":{"line":85,"column":41}},"24":{"start":{"line":86,"column":36},"end":{"line":86,"column":52}},"25":{"start":{"line":99,"column":59},"end":{"line":99,"column":74}},"26":{"start":{"line":99,"column":75},"end":{"line":99,"column":95}}},"fnMap":{"0":{"name":"(anonymous_0)","decl":{"start":{"line":10,"column":19},"end":{"line":10,"column":20}},"loc":{"start":{"line":10,"column":25},"end":{"line":103,"column":1}},"line":10},"1":{"name":"(anonymous_1)","decl":{"start":{"line":18,"column":19},"end":{"line":18,"column":20}},"loc":{"start":{"line":18,"column":29},"end":{"line":44,"column":1}},"line":18},"2":{"name":"(anonymous_2)","decl":{"start":{"line":46,"column":21},"end":{"line":46,"column":22}},"loc":{"start":{"line":46,"column":27},"end":{"line":54,"column":1}},"line":46},"3":{"name":"(anonymous_3)","decl":{"start":{"line":48,"column":10},"end":{"line":48,"column":11}},"loc":{"start":{"line":48,"column":24},"end":{"line":48,"column":39}},"line":48},"4":{"name":"(anonymous_4)","decl":{"start":{"line":49,"column":10},"end":{"line":49,"column":11}},"loc":{"start":{"line":49,"column":20},"end":{"line":49,"column":44}},"line":49},"5":{"name":"(anonymous_5)","decl":{"start":{"line":50,"column":11},"end":{"line":50,"column":12}},"loc":{"start":{"line":50,"column":27},"end":{"line":52,"column":19}},"line":50},"6":{"name":"(anonymous_6)","decl":{"start":{"line":56,"column":27},"end":{"line":56,"column":28}},"loc":{"start":{"line":56,"column":33},"end":{"line":65,"column":1}},"line":56},"7":{"name":"(anonymous_7)","decl":{"start":{"line":58,"column":10},"end":{"line":58,"column":11}},"loc":{"start":{"line":58,"column":24},"end":{"line":58,"column":39}},"line":58},"8":{"name":"(anonymous_8)","decl":{"start":{"line":59,"column":10},"end":{"line":59,"column":11}},"loc":{"start":{"line":59,"column":20},"end":{"line":59,"column":45}},"line":59},"9":{"name":"(anonymous_9)","decl":{"start":{"line":60,"column":11},"end":{"line":60,"column":12}},"loc":{"start":{"line":60,"column":27},"end":{"line":63,"column":19}},"line":60},"10":{"name":"(anonymous_10)","decl":{"start":{"line":73,"column":30},"end":{"line":73,"column":31}},"loc":{"start":{"line":73,"column":40},"end":{"line":73,"column":57}},"line":73},"11":{"name":"(anonymous_11)","decl":{"start":{"line":85,"column":26},"end":{"line":85,"column":27}},"loc":{"start":{"line":85,"column":34},"end":{"line":85,"column":41}},"line":85},"12":{"name":"(anonymous_12)","decl":{"start":{"line":86,"column":24},"end":{"line":86,"column":25}},"loc":{"start":{"line":86,"column":36},"end":{"line":86,"column":52}},"line":86},"13":{"name":"(anonymous_13)","decl":{"start":{"line":99,"column":52},"end":{"line":99,"column":53}},"loc":{"start":{"line":99,"column":58},"end":{"line":99,"column":96}},"line":99}},"branchMap":{"0":{"loc":{"start":{"line":79,"column":9},"end":{"line":88,"column":9}},"type":"cond-expr","locations":[{"start":{"line":79,"column":22},"end":{"line":79,"column":43}},{"start":{"line":80,"column":8},"end":{"line":87,"column":10}}],"line":79}},"s":{"0":0,"1":0,"2":0,"3":0,"4":0,"5":0,"6":0,"7":0,"8":0,"9":0,"10":0,"11":0,"12":0,"13":0,"14":0,"15":0,"16":0,"17":0,"18":0,"19":0,"20":0,"21":0,"22":0,"23":0,"24":0,"25":0,"26":0},"f":{"0":0,"1":0,"2":0,"3":0,"4":0,"5":0,"6":0,"7":0,"8":0,"9":0,"10":0,"11":0,"12":0,"13":0},"b":{"0":[0,0]}}
,"D:\\Third-year\\Semester2\\FYP\\ReactCaloriesTracker\\components\\SetGoal.js": {"path":"D:\\Third-year\\Semester2\\FYP\\ReactCaloriesTracker\\components\\SetGoal.js","statementMap":{"0":{"start":{"line":7,"column":19},"end":{"line":10,"column":1}},"1":{"start":{"line":12,"column":19},"end":{"line":15,"column":1}},"2":{"start":{"line":19,"column":10},"end":{"line":23,"column":3}},"3":{"start":{"line":25,"column":17},"end":{"line":28,"column":3}},"4":{"start":{"line":26,"column":4},"end":{"line":26,"column":33}},"5":{"start":{"line":30,"column":19},"end":{"line":37,"column":3}},"6":{"start":{"line":31,"column":4},"end":{"line":36,"column":5}},"7":{"start":{"line":32,"column":6},"end":{"line":32,"column":48}},"8":{"start":{"line":33,"column":6},"end":{"line":33,"column":56}},"9":{"start":{"line":34,"column":6},"end":{"line":34,"column":40}},"10":{"start":{"line":35,"column":6},"end":{"line":35,"column":48}},"11":{"start":{"line":39,"column":8},"end":{"line":67,"column":4}},"12":{"start":{"line":45,"column":37},"end":{"line":45,"column":68}},"13":{"start":{"line":53,"column":37},"end":{"line":53,"column":73}},"14":{"start":{"line":60,"column":37},"end":{"line":60,"column":74}},"15":{"start":{"line":64,"column":23},"end":{"line":64,"column":44}}},"fnMap":{"0":{"name":"(anonymous_0)","decl":{"start":{"line":25,"column":17},"end":{"line":25,"column":18}},"loc":{"start":{"line":25,"column":31},"end":{"line":28,"column":3}},"line":25},"1":{"name":"(anonymous_1)","decl":{"start":{"line":30,"column":19},"end":{"line":30,"column":20}},"loc":{"start":{"line":30,"column":24},"end":{"line":37,"column":3}},"line":30},"2":{"name":"(anonymous_2)","decl":{"start":{"line":38,"column":4},"end":{"line":38,"column":5}},"loc":{"start":{"line":38,"column":12},"end":{"line":68,"column":1}},"line":38},"3":{"name":"(anonymous_3)","decl":{"start":{"line":45,"column":25},"end":{"line":45,"column":26}},"loc":{"start":{"line":45,"column":36},"end":{"line":45,"column":69}},"line":45},"4":{"name":"(anonymous_4)","decl":{"start":{"line":53,"column":30},"end":{"line":53,"column":31}},"loc":{"start":{"line":53,"column":37},"end":{"line":53,"column":73}},"line":53},"5":{"name":"(anonymous_5)","decl":{"start":{"line":60,"column":25},"end":{"line":60,"column":26}},"loc":{"start":{"line":60,"column":36},"end":{"line":60,"column":75}},"line":60},"6":{"name":"(anonymous_6)","decl":{"start":{"line":64,"column":16},"end":{"line":64,"column":17}},"loc":{"start":{"line":64,"column":22},"end":{"line":64,"column":45}},"line":64}},"branchMap":{"0":{"loc":{"start":{"line":31,"column":4},"end":{"line":36,"column":5}},"type":"if","locations":[{"start":{"line":31,"column":4},"end":{"line":36,"column":5}},{"start":{"line":31,"column":4},"end":{"line":36,"column":5}}],"line":31}},"s":{"0":0,"1":0,"2":0,"3":0,"4":0,"5":0,"6":0,"7":0,"8":0,"9":0,"10":0,"11":0,"12":0,"13":0,"14":0,"15":0},"f":{"0":0,"1":0,"2":0,"3":0,"4":0,"5":0,"6":0},"b":{"0":[0,0]}}
,"D:\\Third-year\\Semester2\\FYP\\ReactCaloriesTracker\\components\\Signup2.js": {"path":"D:\\Third-year\\Semester2\\FYP\\ReactCaloriesTracker\\components\\Signup2.js","statementMap":{"0":{"start":{"line":7,"column":21},"end":{"line":7,"column":26}},"1":{"start":{"line":9,"column":10},"end":{"line":14,"column":3}},"2":{"start":{"line":16,"column":17},"end":{"line":18,"column":3}},"3":{"start":{"line":17,"column":4},"end":{"line":17,"column":33}},"4":{"start":{"line":20,"column":19},"end":{"line":32,"column":3}},"5":{"start":{"line":21,"column":4},"end":{"line":31,"column":5}},"6":{"start":{"line":24,"column":6},"end":{"line":24,"column":36}},"7":{"start":{"line":25,"column":6},"end":{"line":25,"column":38}},"8":{"start":{"line":26,"column":6},"end":{"line":26,"column":44}},"9":{"start":{"line":27,"column":6},"end":{"line":27,"column":69}},"10":{"start":{"line":28,"column":6},"end":{"line":28,"column":34}},"11":{"start":{"line":29,"column":6},"end":{"line":29,"column":260}},"12":{"start":{"line":30,"column":6},"end":{"line":30,"column":50}},"13":{"start":{"line":35,"column":6},"end":{"line":73,"column":8}},"14":{"start":{"line":42,"column":35},"end":{"line":42,"column":65}},"15":{"start":{"line":50,"column":35},"end":{"line":50,"column":66}},"16":{"start":{"line":58,"column":35},"end":{"line":58,"column":69}},"17":{"start":{"line":66,"column":34},"end":{"line":66,"column":75}},"18":{"start":{"line":70,"column":21},"end":{"line":70,"column":42}}},"fnMap":{"0":{"name":"(anonymous_0)","decl":{"start":{"line":16,"column":17},"end":{"line":16,"column":18}},"loc":{"start":{"line":16,"column":31},"end":{"line":18,"column":3}},"line":16},"1":{"name":"(anonymous_1)","decl":{"start":{"line":20,"column":19},"end":{"line":20,"column":20}},"loc":{"start":{"line":20,"column":25},"end":{"line":32,"column":3}},"line":20},"2":{"name":"(anonymous_2)","decl":{"start":{"line":34,"column":2},"end":{"line":34,"column":3}},"loc":{"start":{"line":34,"column":10},"end":{"line":74,"column":3}},"line":34},"3":{"name":"(anonymous_3)","decl":{"start":{"line":42,"column":28},"end":{"line":42,"column":29}},"loc":{"start":{"line":42,"column":35},"end":{"line":42,"column":65}},"line":42},"4":{"name":"(anonymous_4)","decl":{"start":{"line":50,"column":28},"end":{"line":50,"column":29}},"loc":{"start":{"line":50,"column":35},"end":{"line":50,"column":66}},"line":50},"5":{"name":"(anonymous_5)","decl":{"start":{"line":58,"column":28},"end":{"line":58,"column":29}},"loc":{"start":{"line":58,"column":35},"end":{"line":58,"column":69}},"line":58},"6":{"name":"(anonymous_6)","decl":{"start":{"line":66,"column":28},"end":{"line":66,"column":29}},"loc":{"start":{"line":66,"column":34},"end":{"line":66,"column":75}},"line":66},"7":{"name":"(anonymous_7)","decl":{"start":{"line":70,"column":14},"end":{"line":70,"column":15}},"loc":{"start":{"line":70,"column":20},"end":{"line":70,"column":43}},"line":70}},"branchMap":{"0":{"loc":{"start":{"line":21,"column":4},"end":{"line":31,"column":5}},"type":"if","locations":[{"start":{"line":21,"column":4},"end":{"line":31,"column":5}},{"start":{"line":21,"column":4},"end":{"line":31,"column":5}}],"line":21},"1":{"loc":{"start":{"line":21,"column":7},"end":{"line":21,"column":119}},"type":"binary-expr","locations":[{"start":{"line":21,"column":7},"end":{"line":21,"column":28}},{"start":{"line":21,"column":32},"end":{"line":21,"column":54}},{"start":{"line":21,"column":58},"end":{"line":21,"column":83}},{"start":{"line":21,"column":87},"end":{"line":21,"column":119}}],"line":21}},"s":{"0":0,"1":0,"2":0,"3":0,"4":0,"5":0,"6":0,"7":0,"8":0,"9":0,"10":0,"11":0,"12":0,"13":0,"14":0,"15":0,"16":0,"17":0,"18":0},"f":{"0":0,"1":0,"2":0,"3":0,"4":0,"5":0,"6":0,"7":0},"b":{"0":[0,0],"1":[0,0,0,0]}}
,"D:\\Third-year\\Semester2\\FYP\\ReactCaloriesTracker\\components\\Splash.js": {"path":"D:\\Third-year\\Semester2\\FYP\\ReactCaloriesTracker\\components\\Splash.js","statementMap":{"0":{"start":{"line":7,"column":8},"end":{"line":11,"column":10}},"1":{"start":{"line":15,"column":15},"end":{"line":22,"column":2}}},"fnMap":{"0":{"name":"(anonymous_0)","decl":{"start":{"line":6,"column":4},"end":{"line":6,"column":5}},"loc":{"start":{"line":6,"column":12},"end":{"line":12,"column":5}},"line":6}},"branchMap":{},"s":{"0":0,"1":0},"f":{"0":0},"b":{}}
,"D:\\Third-year\\Semester2\\FYP\\ReactCaloriesTracker\\components\\User.js": {"path":"D:\\Third-year\\Semester2\\FYP\\ReactCaloriesTracker\\components\\User.js","statementMap":{"0":{"start":{"line":19,"column":8},"end":{"line":19,"column":19}},"1":{"start":{"line":20,"column":8},"end":{"line":20,"column":21}},"2":{"start":{"line":21,"column":8},"end":{"line":21,"column":18}},"3":{"start":{"line":22,"column":8},"end":{"line":22,"column":17}},"4":{"start":{"line":23,"column":8},"end":{"line":23,"column":20}},"5":{"start":{"line":24,"column":8},"end":{"line":24,"column":20}},"6":{"start":{"line":25,"column":8},"end":{"line":25,"column":24}},"7":{"start":{"line":26,"column":8},"end":{"line":26,"column":20}},"8":{"start":{"line":27,"column":8},"end":{"line":27,"column":24}},"9":{"start":{"line":28,"column":8},"end":{"line":28,"column":18}},"10":{"start":{"line":29,"column":8},"end":{"line":29,"column":24}},"11":{"start":{"line":30,"column":8},"end":{"line":30,"column":28}},"12":{"start":{"line":34,"column":8},"end":{"line":34,"column":26}},"13":{"start":{"line":38,"column":8},"end":{"line":38,"column":32}},"14":{"start":{"line":42,"column":8},"end":{"line":42,"column":24}},"15":{"start":{"line":46,"column":8},"end":{"line":46,"column":22}},"16":{"start":{"line":50,"column":8},"end":{"line":50,"column":28}},"17":{"start":{"line":54,"column":8},"end":{"line":54,"column":27}},"18":{"start":{"line":58,"column":8},"end":{"line":58,"column":36}},"19":{"start":{"line":62,"column":8},"end":{"line":62,"column":24}},"20":{"start":{"line":66,"column":8},"end":{"line":66,"column":28}},"21":{"start":{"line":70,"column":8},"end":{"line":70,"column":36}},"22":{"start":{"line":74,"column":8},"end":{"line":74,"column":44}},"23":{"start":{"line":78,"column":8},"end":{"line":78,"column":36}},"24":{"start":{"line":82,"column":8},"end":{"line":82,"column":21}},"25":{"start":{"line":86,"column":8},"end":{"line":86,"column":24}},"26":{"start":{"line":90,"column":8},"end":{"line":90,"column":20}},"27":{"start":{"line":94,"column":8},"end":{"line":94,"column":19}},"28":{"start":{"line":98,"column":8},"end":{"line":98,"column":22}},"29":{"start":{"line":102,"column":8},"end":{"line":102,"column":26}},"30":{"start":{"line":106,"column":8},"end":{"line":106,"column":22}},"31":{"start":{"line":110,"column":8},"end":{"line":110,"column":26}},"32":{"start":{"line":114,"column":8},"end":{"line":114,"column":20}},"33":{"start":{"line":118,"column":8},"end":{"line":118,"column":26}},"34":{"start":{"line":122,"column":8},"end":{"line":122,"column":30}},"35":{"start":{"line":126,"column":8},"end":{"line":126,"column":22}},"36":{"start":{"line":130,"column":8},"end":{"line":130,"column":22}},"37":{"start":{"line":134,"column":8},"end":{"line":134,"column":19}}},"fnMap":{"0":{"name":"(anonymous_0)","decl":{"start":{"line":18,"column":4},"end":{"line":18,"column":5}},"loc":{"start":{"line":18,"column":17},"end":{"line":31,"column":5}},"line":18},"1":{"name":"(anonymous_1)","decl":{"start":{"line":33,"column":4},"end":{"line":33,"column":5}},"loc":{"start":{"line":33,"column":30},"end":{"line":35,"column":5}},"line":33},"2":{"name":"(anonymous_2)","decl":{"start":{"line":37,"column":4},"end":{"line":37,"column":5}},"loc":{"start":{"line":37,"column":36},"end":{"line":39,"column":5}},"line":37},"3":{"name":"(anonymous_3)","decl":{"start":{"line":41,"column":4},"end":{"line":41,"column":5}},"loc":{"start":{"line":41,"column":28},"end":{"line":43,"column":5}},"line":41},"4":{"name":"(anonymous_4)","decl":{"start":{"line":45,"column":4},"end":{"line":45,"column":5}},"loc":{"start":{"line":45,"column":26},"end":{"line":47,"column":5}},"line":45},"5":{"name":"(anonymous_5)","decl":{"start":{"line":49,"column":4},"end":{"line":49,"column":5}},"loc":{"start":{"line":49,"column":32},"end":{"line":51,"column":5}},"line":49},"6":{"name":"(anonymous_6)","decl":{"start":{"line":53,"column":4},"end":{"line":53,"column":5}},"loc":{"start":{"line":53,"column":32},"end":{"line":55,"column":5}},"line":53},"7":{"name":"(anonymous_7)","decl":{"start":{"line":57,"column":4},"end":{"line":57,"column":5}},"loc":{"start":{"line":57,"column":40},"end":{"line":59,"column":5}},"line":57},"8":{"name":"(anonymous_8)","decl":{"start":{"line":61,"column":4},"end":{"line":61,"column":5}},"loc":{"start":{"line":61,"column":28},"end":{"line":63,"column":5}},"line":61},"9":{"name":"(anonymous_9)","decl":{"start":{"line":65,"column":4},"end":{"line":65,"column":5}},"loc":{"start":{"line":65,"column":32},"end":{"line":67,"column":5}},"line":65},"10":{"name":"(anonymous_10)","decl":{"start":{"line":69,"column":4},"end":{"line":69,"column":5}},"loc":{"start":{"line":69,"column":40},"end":{"line":71,"column":5}},"line":69},"11":{"name":"(anonymous_11)","decl":{"start":{"line":73,"column":4},"end":{"line":73,"column":5}},"loc":{"start":{"line":73,"column":48},"end":{"line":75,"column":5}},"line":73},"12":{"name":"(anonymous_12)","decl":{"start":{"line":77,"column":4},"end":{"line":77,"column":5}},"loc":{"start":{"line":77,"column":40},"end":{"line":79,"column":5}},"line":77},"13":{"name":"(anonymous_13)","decl":{"start":{"line":81,"column":4},"end":{"line":81,"column":5}},"loc":{"start":{"line":81,"column":21},"end":{"line":83,"column":5}},"line":81},"14":{"name":"(anonymous_14)","decl":{"start":{"line":85,"column":4},"end":{"line":85,"column":5}},"loc":{"start":{"line":85,"column":24},"end":{"line":87,"column":5}},"line":85},"15":{"name":"(anonymous_15)","decl":{"start":{"line":89,"column":4},"end":{"line":89,"column":5}},"loc":{"start":{"line":89,"column":20},"end":{"line":91,"column":5}},"line":89},"16":{"name":"(anonymous_16)","decl":{"start":{"line":93,"column":4},"end":{"line":93,"column":5}},"loc":{"start":{"line":93,"column":19},"end":{"line":95,"column":5}},"line":93},"17":{"name":"(anonymous_17)","decl":{"start":{"line":97,"column":4},"end":{"line":97,"column":5}},"loc":{"start":{"line":97,"column":22},"end":{"line":99,"column":5}},"line":97},"18":{"name":"(anonymous_18)","decl":{"start":{"line":101,"column":4},"end":{"line":101,"column":5}},"loc":{"start":{"line":101,"column":26},"end":{"line":103,"column":5}},"line":101},"19":{"name":"(anonymous_19)","decl":{"start":{"line":105,"column":4},"end":{"line":105,"column":5}},"loc":{"start":{"line":105,"column":22},"end":{"line":107,"column":5}},"line":105},"20":{"name":"(anonymous_20)","decl":{"start":{"line":109,"column":4},"end":{"line":109,"column":5}},"loc":{"start":{"line":109,"column":26},"end":{"line":111,"column":5}},"line":109},"21":{"name":"(anonymous_21)","decl":{"start":{"line":113,"column":4},"end":{"line":113,"column":5}},"loc":{"start":{"line":113,"column":20},"end":{"line":115,"column":5}},"line":113},"22":{"name":"(anonymous_22)","decl":{"start":{"line":117,"column":4},"end":{"line":117,"column":5}},"loc":{"start":{"line":117,"column":26},"end":{"line":119,"column":5}},"line":117},"23":{"name":"(anonymous_23)","decl":{"start":{"line":121,"column":4},"end":{"line":121,"column":5}},"loc":{"start":{"line":121,"column":30},"end":{"line":123,"column":5}},"line":121},"24":{"name":"(anonymous_24)","decl":{"start":{"line":125,"column":4},"end":{"line":125,"column":5}},"loc":{"start":{"line":125,"column":22},"end":{"line":127,"column":5}},"line":125},"25":{"name":"(anonymous_25)","decl":{"start":{"line":129,"column":4},"end":{"line":129,"column":5}},"loc":{"start":{"line":129,"column":26},"end":{"line":131,"column":5}},"line":129},"26":{"name":"(anonymous_26)","decl":{"start":{"line":133,"column":4},"end":{"line":133,"column":5}},"loc":{"start":{"line":133,"column":19},"end":{"line":135,"column":5}},"line":133}},"branchMap":{},"s":{"0":0,"1":0,"2":0,"3":0,"4":0,"5":0,"6":0,"7":0,"8":0,"9":0,"10":0,"11":0,"12":0,"13":0,"14":0,"15":0,"16":0,"17":0,"18":0,"19":0,"20":0,"21":0,"22":0,"23":0,"24":0,"25":0,"26":0,"27":0,"28":0,"29":0,"30":0,"31":0,"32":0,"33":0,"34":0,"35":0,"36":0,"37":0},"f":{"0":0,"1":0,"2":0,"3":0,"4":0,"5":0,"6":0,"7":0,"8":0,"9":0,"10":0,"11":0,"12":0,"13":0,"14":0,"15":0,"16":0,"17":0,"18":0,"19":0,"20":0,"21":0,"22":0,"23":0,"24":0,"25":0,"26":0},"b":{}}
,"D:\\Third-year\\Semester2\\FYP\\ReactCaloriesTracker\\components\\VerifyCode.js": {"path":"D:\\Third-year\\Semester2\\FYP\\ReactCaloriesTracker\\components\\VerifyCode.js","statementMap":{"0":{"start":{"line":7,"column":8},"end":{"line":20,"column":10}},"1":{"start":{"line":17,"column":27},"end":{"line":17,"column":75}}},"fnMap":{"0":{"name":"(anonymous_0)","decl":{"start":{"line":6,"column":4},"end":{"line":6,"column":5}},"loc":{"start":{"line":6,"column":12},"end":{"line":21,"column":5}},"line":6},"1":{"name":"(anonymous_1)","decl":{"start":{"line":17,"column":20},"end":{"line":17,"column":21}},"loc":{"start":{"line":17,"column":26},"end":{"line":17,"column":76}},"line":17}},"branchMap":{},"s":{"0":0,"1":0},"f":{"0":0,"1":0},"b":{}}
,"D:\\Third-year\\Semester2\\FYP\\ReactCaloriesTracker\\components\\styles\\button.js": {"path":"D:\\Third-year\\Semester2\\FYP\\ReactCaloriesTracker\\components\\styles\\button.js","statementMap":{"0":{"start":{"line":3,"column":15},"end":{"line":22,"column":2}}},"fnMap":{},"branchMap":{},"s":{"0":0},"f":{},"b":{}}
,"D:\\Third-year\\Semester2\\FYP\\ReactCaloriesTracker\\components\\styles\\foodInformation.js": {"path":"D:\\Third-year\\Semester2\\FYP\\ReactCaloriesTracker\\components\\styles\\foodInformation.js","statementMap":{"0":{"start":{"line":3,"column":30},"end":{"line":35,"column":2}}},"fnMap":{},"branchMap":{},"s":{"0":0},"f":{},"b":{}}
,"D:\\Third-year\\Semester2\\FYP\\ReactCaloriesTracker\\components\\styles\\searchFood.js": {"path":"D:\\Third-year\\Semester2\\FYP\\ReactCaloriesTracker\\components\\styles\\searchFood.js","statementMap":{"0":{"start":{"line":3,"column":25},"end":{"line":21,"column":2}}},"fnMap":{},"branchMap":{},"s":{"0":0},"f":{},"b":{}}
}
